<?xml version="1.0" encoding="UTF-8"?>
<testsuite xmlns:xsi="http://www.w3.org/2001/XMLSchema-instance" xsi:noNamespaceSchemaLocation="https://maven.apache.org/surefire/maven-surefire-plugin/xsd/surefire-test-report.xsd" name="TestSuite" time="16.747" tests="1" errors="0" skipped="0" failures="0">
  <properties>
    <property name="sun.desktop" value="gnome"/>
    <property name="awt.toolkit" value="sun.awt.X11.XToolkit"/>
    <property name="file.encoding.pkg" value="sun.io"/>
    <property name="java.specification.version" value="1.8"/>
    <property name="sun.cpu.isalist" value=""/>
    <property name="sun.jnu.encoding" value="UTF-8"/>
    <property name="java.class.path" value="/home/tyss/MVNPRO_HCR/mavenProDemo/target/test-classes:/home/tyss/MVNPRO_HCR/mavenProDemo/target/classes:/home/tyss/.m2/repository/org/testng/testng/6.9.10/testng-6.9.10.jar:/home/tyss/.m2/repository/com/beust/jcommander/1.48/jcommander-1.48.jar:/home/tyss/.m2/repository/org/beanshell/bsh/2.0b4/bsh-2.0b4.jar:/home/tyss/.m2/repository/org/seleniumhq/selenium/selenium-server/2.53.1/selenium-server-2.53.1.jar:/home/tyss/.m2/repository/org/bouncycastle/bcprov-jdk15on/1.48/bcprov-jdk15on-1.48.jar:/home/tyss/.m2/repository/org/bouncycastle/bcpkix-jdk15on/1.48/bcpkix-jdk15on-1.48.jar:/home/tyss/.m2/repository/mx4j/mx4j-tools/3.0.1/mx4j-tools-3.0.1.jar:/home/tyss/.m2/repository/org/seleniumhq/selenium/jetty-repacked/9.2.13.v20150730/jetty-repacked-9.2.13.v20150730.jar:/home/tyss/.m2/repository/javax/servlet/javax.servlet-api/3.1.0/javax.servlet-api-3.1.0.jar:/home/tyss/.m2/repository/org/seleniumhq/selenium/jetty-rc-repacked/5/jetty-rc-repacked-5.jar:/home/tyss/.m2/repository/net/jcip/jcip-annotations/1.0/jcip-annotations-1.0.jar:/home/tyss/.m2/repository/org/seleniumhq/selenium/selenium-java/2.53.1/selenium-java-2.53.1.jar:/home/tyss/.m2/repository/org/seleniumhq/selenium/selenium-chrome-driver/2.53.1/selenium-chrome-driver-2.53.1.jar:/home/tyss/.m2/repository/org/seleniumhq/selenium/selenium-remote-driver/2.53.1/selenium-remote-driver-2.53.1.jar:/home/tyss/.m2/repository/cglib/cglib-nodep/2.1_3/cglib-nodep-2.1_3.jar:/home/tyss/.m2/repository/com/google/code/gson/gson/2.3.1/gson-2.3.1.jar:/home/tyss/.m2/repository/org/seleniumhq/selenium/selenium-api/2.53.1/selenium-api-2.53.1.jar:/home/tyss/.m2/repository/org/apache/httpcomponents/httpclient/4.5.1/httpclient-4.5.1.jar:/home/tyss/.m2/repository/org/apache/httpcomponents/httpcore/4.4.3/httpcore-4.4.3.jar:/home/tyss/.m2/repository/com/google/guava/guava/19.0/guava-19.0.jar:/home/tyss/.m2/repository/org/seleniumhq/selenium/selenium-edge-driver/2.53.1/selenium-edge-driver-2.53.1.jar:/home/tyss/.m2/repository/commons-io/commons-io/2.4/commons-io-2.4.jar:/home/tyss/.m2/repository/org/apache/commons/commons-exec/1.3/commons-exec-1.3.jar:/home/tyss/.m2/repository/org/seleniumhq/selenium/htmlunit-driver/2.21/htmlunit-driver-2.21.jar:/home/tyss/.m2/repository/net/sourceforge/htmlunit/htmlunit/2.21/htmlunit-2.21.jar:/home/tyss/.m2/repository/xalan/xalan/2.7.2/xalan-2.7.2.jar:/home/tyss/.m2/repository/xalan/serializer/2.7.2/serializer-2.7.2.jar:/home/tyss/.m2/repository/org/apache/commons/commons-lang3/3.4/commons-lang3-3.4.jar:/home/tyss/.m2/repository/org/apache/httpcomponents/httpmime/4.5.2/httpmime-4.5.2.jar:/home/tyss/.m2/repository/net/sourceforge/htmlunit/htmlunit-core-js/2.17/htmlunit-core-js-2.17.jar:/home/tyss/.m2/repository/net/sourceforge/htmlunit/neko-htmlunit/2.21/neko-htmlunit-2.21.jar:/home/tyss/.m2/repository/xerces/xercesImpl/2.11.0/xercesImpl-2.11.0.jar:/home/tyss/.m2/repository/xml-apis/xml-apis/1.4.01/xml-apis-1.4.01.jar:/home/tyss/.m2/repository/net/sourceforge/cssparser/cssparser/0.9.18/cssparser-0.9.18.jar:/home/tyss/.m2/repository/org/w3c/css/sac/1.3/sac-1.3.jar:/home/tyss/.m2/repository/commons-logging/commons-logging/1.2/commons-logging-1.2.jar:/home/tyss/.m2/repository/org/eclipse/jetty/websocket/websocket-client/9.2.15.v20160210/websocket-client-9.2.15.v20160210.jar:/home/tyss/.m2/repository/org/eclipse/jetty/jetty-util/9.2.15.v20160210/jetty-util-9.2.15.v20160210.jar:/home/tyss/.m2/repository/org/eclipse/jetty/jetty-io/9.2.15.v20160210/jetty-io-9.2.15.v20160210.jar:/home/tyss/.m2/repository/org/eclipse/jetty/websocket/websocket-common/9.2.15.v20160210/websocket-common-9.2.15.v20160210.jar:/home/tyss/.m2/repository/org/eclipse/jetty/websocket/websocket-api/9.2.15.v20160210/websocket-api-9.2.15.v20160210.jar:/home/tyss/.m2/repository/commons-collections/commons-collections/3.2.2/commons-collections-3.2.2.jar:/home/tyss/.m2/repository/org/seleniumhq/selenium/selenium-firefox-driver/2.53.1/selenium-firefox-driver-2.53.1.jar:/home/tyss/.m2/repository/org/seleniumhq/selenium/selenium-ie-driver/2.53.1/selenium-ie-driver-2.53.1.jar:/home/tyss/.m2/repository/net/java/dev/jna/jna/4.1.0/jna-4.1.0.jar:/home/tyss/.m2/repository/net/java/dev/jna/jna-platform/4.1.0/jna-platform-4.1.0.jar:/home/tyss/.m2/repository/org/seleniumhq/selenium/selenium-safari-driver/2.53.1/selenium-safari-driver-2.53.1.jar:/home/tyss/.m2/repository/io/netty/netty/3.5.7.Final/netty-3.5.7.Final.jar:/home/tyss/.m2/repository/org/seleniumhq/selenium/selenium-support/2.53.1/selenium-support-2.53.1.jar:/home/tyss/.m2/repository/org/seleniumhq/selenium/selenium-leg-rc/2.53.1/selenium-leg-rc-2.53.1.jar:/home/tyss/.m2/repository/org/yaml/snakeyaml/1.8/snakeyaml-1.8.jar:/home/tyss/.m2/repository/commons-codec/commons-codec/1.10/commons-codec-1.10.jar:/home/tyss/.m2/repository/org/apache/poi/poi/3.17/poi-3.17.jar:/home/tyss/.m2/repository/org/apache/commons/commons-collections4/4.1/commons-collections4-4.1.jar:/home/tyss/.m2/repository/org/apache/maven/surefire/surefire-testng-utils/2.20.1/surefire-testng-utils-2.20.1.jar:/home/tyss/.m2/repository/org/apache/maven/surefire/surefire-grouper/2.20.1/surefire-grouper-2.20.1.jar:"/>
    <property name="java.vm.vendor" value="Oracle Corporation"/>
    <property name="sun.arch.data.model" value="64"/>
    <property name="java.vendor.url" value="http://java.oracle.com/"/>
    <property name="user.timezone" value=""/>
    <property name="java.vm.specification.version" value="1.8"/>
    <property name="os.name" value="Linux"/>
    <property name="user.country" value="IN"/>
    <property name="sun.java.launcher" value="SUN_STANDARD"/>
    <property name="sun.boot.library.path" value="/usr/lib/jvm/java-8-openjdk-amd64/jre/lib/amd64"/>
    <property name="sun.java.command" value="/home/tyss/MVNPRO_HCR/mavenProDemo/target/surefire/surefirebooter4241740633002757907.jar /home/tyss/MVNPRO_HCR/mavenProDemo/target/surefire 2018-04-27T11-51-41_463-jvmRun1 surefire5373083313585902266tmp surefire_093517309741896402tmp"/>
    <property name="surefire.test.class.path" value="/home/tyss/MVNPRO_HCR/mavenProDemo/target/test-classes:/home/tyss/MVNPRO_HCR/mavenProDemo/target/classes:/home/tyss/.m2/repository/org/testng/testng/6.9.10/testng-6.9.10.jar:/home/tyss/.m2/repository/com/beust/jcommander/1.48/jcommander-1.48.jar:/home/tyss/.m2/repository/org/beanshell/bsh/2.0b4/bsh-2.0b4.jar:/home/tyss/.m2/repository/org/seleniumhq/selenium/selenium-server/2.53.1/selenium-server-2.53.1.jar:/home/tyss/.m2/repository/org/bouncycastle/bcprov-jdk15on/1.48/bcprov-jdk15on-1.48.jar:/home/tyss/.m2/repository/org/bouncycastle/bcpkix-jdk15on/1.48/bcpkix-jdk15on-1.48.jar:/home/tyss/.m2/repository/mx4j/mx4j-tools/3.0.1/mx4j-tools-3.0.1.jar:/home/tyss/.m2/repository/org/seleniumhq/selenium/jetty-repacked/9.2.13.v20150730/jetty-repacked-9.2.13.v20150730.jar:/home/tyss/.m2/repository/javax/servlet/javax.servlet-api/3.1.0/javax.servlet-api-3.1.0.jar:/home/tyss/.m2/repository/org/seleniumhq/selenium/jetty-rc-repacked/5/jetty-rc-repacked-5.jar:/home/tyss/.m2/repository/net/jcip/jcip-annotations/1.0/jcip-annotations-1.0.jar:/home/tyss/.m2/repository/org/seleniumhq/selenium/selenium-java/2.53.1/selenium-java-2.53.1.jar:/home/tyss/.m2/repository/org/seleniumhq/selenium/selenium-chrome-driver/2.53.1/selenium-chrome-driver-2.53.1.jar:/home/tyss/.m2/repository/org/seleniumhq/selenium/selenium-remote-driver/2.53.1/selenium-remote-driver-2.53.1.jar:/home/tyss/.m2/repository/cglib/cglib-nodep/2.1_3/cglib-nodep-2.1_3.jar:/home/tyss/.m2/repository/com/google/code/gson/gson/2.3.1/gson-2.3.1.jar:/home/tyss/.m2/repository/org/seleniumhq/selenium/selenium-api/2.53.1/selenium-api-2.53.1.jar:/home/tyss/.m2/repository/org/apache/httpcomponents/httpclient/4.5.1/httpclient-4.5.1.jar:/home/tyss/.m2/repository/org/apache/httpcomponents/httpcore/4.4.3/httpcore-4.4.3.jar:/home/tyss/.m2/repository/com/google/guava/guava/19.0/guava-19.0.jar:/home/tyss/.m2/repository/org/seleniumhq/selenium/selenium-edge-driver/2.53.1/selenium-edge-driver-2.53.1.jar:/home/tyss/.m2/repository/commons-io/commons-io/2.4/commons-io-2.4.jar:/home/tyss/.m2/repository/org/apache/commons/commons-exec/1.3/commons-exec-1.3.jar:/home/tyss/.m2/repository/org/seleniumhq/selenium/htmlunit-driver/2.21/htmlunit-driver-2.21.jar:/home/tyss/.m2/repository/net/sourceforge/htmlunit/htmlunit/2.21/htmlunit-2.21.jar:/home/tyss/.m2/repository/xalan/xalan/2.7.2/xalan-2.7.2.jar:/home/tyss/.m2/repository/xalan/serializer/2.7.2/serializer-2.7.2.jar:/home/tyss/.m2/repository/org/apache/commons/commons-lang3/3.4/commons-lang3-3.4.jar:/home/tyss/.m2/repository/org/apache/httpcomponents/httpmime/4.5.2/httpmime-4.5.2.jar:/home/tyss/.m2/repository/net/sourceforge/htmlunit/htmlunit-core-js/2.17/htmlunit-core-js-2.17.jar:/home/tyss/.m2/repository/net/sourceforge/htmlunit/neko-htmlunit/2.21/neko-htmlunit-2.21.jar:/home/tyss/.m2/repository/xerces/xercesImpl/2.11.0/xercesImpl-2.11.0.jar:/home/tyss/.m2/repository/xml-apis/xml-apis/1.4.01/xml-apis-1.4.01.jar:/home/tyss/.m2/repository/net/sourceforge/cssparser/cssparser/0.9.18/cssparser-0.9.18.jar:/home/tyss/.m2/repository/org/w3c/css/sac/1.3/sac-1.3.jar:/home/tyss/.m2/repository/commons-logging/commons-logging/1.2/commons-logging-1.2.jar:/home/tyss/.m2/repository/org/eclipse/jetty/websocket/websocket-client/9.2.15.v20160210/websocket-client-9.2.15.v20160210.jar:/home/tyss/.m2/repository/org/eclipse/jetty/jetty-util/9.2.15.v20160210/jetty-util-9.2.15.v20160210.jar:/home/tyss/.m2/repository/org/eclipse/jetty/jetty-io/9.2.15.v20160210/jetty-io-9.2.15.v20160210.jar:/home/tyss/.m2/repository/org/eclipse/jetty/websocket/websocket-common/9.2.15.v20160210/websocket-common-9.2.15.v20160210.jar:/home/tyss/.m2/repository/org/eclipse/jetty/websocket/websocket-api/9.2.15.v20160210/websocket-api-9.2.15.v20160210.jar:/home/tyss/.m2/repository/commons-collections/commons-collections/3.2.2/commons-collections-3.2.2.jar:/home/tyss/.m2/repository/org/seleniumhq/selenium/selenium-firefox-driver/2.53.1/selenium-firefox-driver-2.53.1.jar:/home/tyss/.m2/repository/org/seleniumhq/selenium/selenium-ie-driver/2.53.1/selenium-ie-driver-2.53.1.jar:/home/tyss/.m2/repository/net/java/dev/jna/jna/4.1.0/jna-4.1.0.jar:/home/tyss/.m2/repository/net/java/dev/jna/jna-platform/4.1.0/jna-platform-4.1.0.jar:/home/tyss/.m2/repository/org/seleniumhq/selenium/selenium-safari-driver/2.53.1/selenium-safari-driver-2.53.1.jar:/home/tyss/.m2/repository/io/netty/netty/3.5.7.Final/netty-3.5.7.Final.jar:/home/tyss/.m2/repository/org/seleniumhq/selenium/selenium-support/2.53.1/selenium-support-2.53.1.jar:/home/tyss/.m2/repository/org/seleniumhq/selenium/selenium-leg-rc/2.53.1/selenium-leg-rc-2.53.1.jar:/home/tyss/.m2/repository/org/yaml/snakeyaml/1.8/snakeyaml-1.8.jar:/home/tyss/.m2/repository/commons-codec/commons-codec/1.10/commons-codec-1.10.jar:/home/tyss/.m2/repository/org/apache/poi/poi/3.17/poi-3.17.jar:/home/tyss/.m2/repository/org/apache/commons/commons-collections4/4.1/commons-collections4-4.1.jar:/home/tyss/.m2/repository/org/apache/maven/surefire/surefire-testng-utils/2.20.1/surefire-testng-utils-2.20.1.jar:/home/tyss/.m2/repository/org/apache/maven/surefire/surefire-grouper/2.20.1/surefire-grouper-2.20.1.jar:"/>
    <property name="sun.cpu.endian" value="little"/>
    <property name="user.home" value="/home/tyss"/>
    <property name="user.language" value="en"/>
    <property name="java.specification.vendor" value="Oracle Corporation"/>
    <property name="java.home" value="/usr/lib/jvm/java-8-openjdk-amd64/jre"/>
    <property name="basedir" value="/home/tyss/MVNPRO_HCR/mavenProDemo"/>
    <property name="file.separator" value="/"/>
    <property name="line.separator" value="&#10;"/>
    <property name="java.vm.specification.vendor" value="Oracle Corporation"/>
    <property name="java.specification.name" value="Java Platform API Specification"/>
    <property name="java.awt.graphicsenv" value="sun.awt.X11GraphicsEnvironment"/>
    <property name="surefire.real.class.path" value="/home/tyss/MVNPRO_HCR/mavenProDemo/target/surefire/surefirebooter4241740633002757907.jar"/>
    <property name="sun.boot.class.path" value="/usr/lib/jvm/java-8-openjdk-amd64/jre/lib/resources.jar:/usr/lib/jvm/java-8-openjdk-amd64/jre/lib/rt.jar:/usr/lib/jvm/java-8-openjdk-amd64/jre/lib/sunrsasign.jar:/usr/lib/jvm/java-8-openjdk-amd64/jre/lib/jsse.jar:/usr/lib/jvm/java-8-openjdk-amd64/jre/lib/jce.jar:/usr/lib/jvm/java-8-openjdk-amd64/jre/lib/charsets.jar:/usr/lib/jvm/java-8-openjdk-amd64/jre/lib/jfr.jar:/usr/lib/jvm/java-8-openjdk-amd64/jre/classes"/>
    <property name="sun.management.compiler" value="HotSpot 64-Bit Tiered Compilers"/>
    <property name="java.runtime.version" value="1.8.0_162-8u162-b12-0ubuntu0.16.04.2-b12"/>
    <property name="user.name" value="tyss"/>
    <property name="path.separator" value=":"/>
    <property name="os.version" value="4.4.0-121-generic"/>
    <property name="java.endorsed.dirs" value="/usr/lib/jvm/java-8-openjdk-amd64/jre/lib/endorsed"/>
    <property name="java.runtime.name" value="OpenJDK Runtime Environment"/>
    <property name="file.encoding" value="UTF-8"/>
    <property name="java.vm.name" value="OpenJDK 64-Bit Server VM"/>
    <property name="localRepository" value="/home/tyss/.m2/repository"/>
    <property name="java.vendor.url.bug" value="http://bugreport.sun.com/bugreport/"/>
    <property name="java.io.tmpdir" value="/tmp"/>
    <property name="java.version" value="1.8.0_162"/>
    <property name="user.dir" value="/home/tyss/MVNPRO_HCR/mavenProDemo"/>
    <property name="os.arch" value="amd64"/>
    <property name="java.vm.specification.name" value="Java Virtual Machine Specification"/>
    <property name="java.awt.printerjob" value="sun.print.PSPrinterJob"/>
    <property name="sun.os.patch.level" value="unknown"/>
    <property name="java.library.path" value="/usr/java/packages/lib/amd64:/usr/lib/x86_64-linux-gnu/jni:/lib/x86_64-linux-gnu:/usr/lib/x86_64-linux-gnu:/usr/lib/jni:/lib:/usr/lib"/>
    <property name="java.vm.info" value="mixed mode"/>
    <property name="java.vendor" value="Oracle Corporation"/>
    <property name="java.vm.version" value="25.162-b12"/>
    <property name="java.ext.dirs" value="/usr/lib/jvm/java-8-openjdk-amd64/jre/lib/ext:/usr/java/packages/lib/ext"/>
    <property name="sun.io.unicode.encoding" value="UnicodeLittle"/>
    <property name="java.class.version" value="52.0"/>
  </properties>
  <testcase name="login" classname="scripts.LoginTest" time="15.843"/>
</testsuite>