<?xml version="1.0" encoding="UTF-8"?>
<!-- Generated by org.testng.reporters.JUnitReportReporter -->
<testsuite hostname="TYSS-4F-045" name="scripts.LoginTest" tests="1" failures="0" timestamp="27 Apr 2018 06:21:59 GMT" time="15.845" errors="0">
  <testcase name="login" time="15.845" classname="scripts.LoginTest"/>
</testsuite> <!-- scripts.LoginTest -->
